12 [139662886810560] INFO perfrun.launcher <> - Launcher main begin
56 [139662886810560] INFO perfrun.launcher <> - MessageCatalogInit finished
56 [139662886810560] INFO perfrun.launcher <> - Launcher instance created
56 [139662886810560] INFO perfrun.launcher <> - argc = 7; cmdline = /glob/development-tools/versions/oneapi/2022.3/oneapi/advisor/2022.3.0/bin64/advixe-runss --ui-output-format xml --ui-output-fd 6 --option-file /home/u175844/advi_results/e000/hs000/config/runss.options 
167 [139662886810560] INFO perfrun.launcher <> - create msngr2::ICliToolContext
167 [139662886810560] INFO perfrun.launcher <> - create file finder object
167 [139662886810560] INFO perfrun.launcher <> - create a result directory: pattern = /home/u175844/advi_results/e000/hs000 pid = 4294967295
172 [139662886810560] INFO perfrun.sdk <> - checked that the directory /home/u175844/advi_results/e000/hs000 is a local directory
172 [139662886810560] INFO perfrun.sdk <> - the directory /home/u175844/advi_results/e000/hs000 is located on a share or its FS ID is unknown 26985
172 [139662886810560] INFO perfrun.sdk <> - checked that the directory /home/u175844/tmp/advixe-tmp-u175844 is a local directory
173 [139662886810560] INFO perfrun.sdk <> - the directory /home/u175844/tmp/advixe-tmp-u175844 is located on a share or its FS ID is unknown 26985
174 [139662886810560] INFO perfrun.launcher <> - create data directory = /home/u175844/advi_results/e000/hs000/data.0
202 [139662886810560] INFO perfrun.launcher <> - Creating the master collection flag
206 [139662886810560] INFO perfrun.launcher <> - Done creating the master collection flag
213 [139662876100352] INFO perfrun.launcher <> - plugin [remoteplug] was disabled because it doesn't support the given collection type.
213 [139662876100352] INFO perfrun.sdk <> - Allocating TMU :/home/u175844/advi_results/e000/hs000/data.0/systemcollector-163731-s001-n059.sc
245 [139662876100352] INFO perfrun.launcher <> - plugin [] was disabled because it doesn't support the given collection type.
245 [139662876100352] INFO perfrun.launcher <> - plugin [gpu] was disabled because it doesn't support the given collection type.
245 [139662876100352] INFO perfrun.launcher <> - plugin [] was disabled because it doesn't support the given collection type.
245 [139662876100352] INFO perfrun.launcher <> - plugin [] was disabled because it doesn't support the given collection type.
245 [139662876100352] INFO perfrun.launcher <> - plugin [] was disabled because it doesn't support the given collection type.
245 [139662876100352] INFO perfrun.mrte <> - system-wide mode is 0
245 [139662876100352] INFO perfrun.mrte <> - Getting  mrte profiling environment ...
355 [139662876100352] INFO perfrun.mrte <> - INTEL_MRTE_DATA_DIR=/home/u175844/advi_results/e000/hs000/data.0
355 [139662876100352] INFO perfrun.mrte <> - INTEL_MRTE_HOST_NAME=s001-n059
355 [139662876100352] INFO perfrun.mrte <> - JAVA_TOOL_OPTIONS=-agentlib:advixe_tpssmrte_javaprof_1.0 -Dsun.boot.library.path=/glob/development-tools/versions/oneapi/2022.3/oneapi/advisor/2022.3.0/lib32/runtime:/glob/development-tools/versions/oneapi/2022.3/oneapi/advisor/2022.3.0/lib64/runtime
355 [139662876100352] INFO perfrun.mrte <> - LD_LIBRARY_PATH=/glob/development-tools/versions/oneapi/2022.3/oneapi/advisor/2022.3.0/lib32/runtime:/glob/development-tools/versions/oneapi/2022.3/oneapi/advisor/2022.3.0/lib64/runtime:/glob/development-tools/versions/oneapi/2022.3/oneapi/vpl/2022.2.0/lib:/glob/development-tools/versions/oneapi/2022.3/oneapi/tbb/2021.7.0/env/../lib/intel64/gcc4.8:/glob/development-tools/versions/oneapi/2022.3/oneapi/rkcommon/1.10.0/lib:/glob/development-tools/versions/oneapi/2022.3/oneapi/ospray_studio/0.11.1/lib:/glob/development-tools/versions/oneapi/2022.3/oneapi/ospray/2.10.0/lib:/glob/development-tools/versions/oneapi/2022.3/oneapi/openvkl/1.3.0/lib:/glob/development-tools/versions/oneapi/2022.3/oneapi/oidn/1.4.3/lib:/glob/development-tools/versions/oneapi/2022.3/oneapi/mpi/2021.7.0//libfabric/lib:/glob/development-tools/versions/oneapi/2022.3/oneapi/mpi/2021.7.0//lib/release:/glob/development-tools/versions/oneapi/2022.3/oneapi/mpi/2021.7.0//lib:/glob/development-tools/versions/oneapi/2022.3/oneapi/mkl/2022.2.0/lib/intel64:/glob/development-tools/versions/oneapi/2022.3/oneapi/itac/2021.7.0/slib:/glob/development-tools/versions/oneapi/2022.3/oneapi/ispc/1.18.0/lib/lib64:/glob/development-tools/versions/oneapi/2022.3/oneapi/ipp/2021.6.1/lib/intel64:/glob/development-tools/versions/oneapi/2022.3/oneapi/ippcp/2021.6.1/lib/intel64:/glob/development-tools/versions/oneapi/2022.3/oneapi/ipp/2021.6.1/lib/intel64:/glob/development-tools/versions/oneapi/2022.3/oneapi/embree/3.13.4/lib:/glob/development-tools/versions/oneapi/2022.3/oneapi/dnnl/2022.2.0/cpu_dpcpp_gpu_dpcpp/lib:/glob/development-tools/versions/oneapi/2022.3/oneapi/debugger/2021.7.0/gdb/intel64/lib:/glob/development-tools/versions/oneapi/2022.3/oneapi/debugger/2021.7.0/libipt/intel64/lib:/glob/development-tools/versions/oneapi/2022.3/oneapi/debugger/2021.7.0/dep/lib:/glob/development-tools/versions/oneapi/2022.3/oneapi/dal/2021.7.0/lib/intel64:/glob/development-tools/versions/oneapi/2022.3/oneapi/compiler/2022.2.0/linux/lib:/glob/development-tools/versions/oneapi/2022.3/oneapi/compiler/2022.2.0/linux/lib/x64:/glob/development-tools/versions/oneapi/2022.3/oneapi/compiler/2022.2.0/linux/lib/oclfpga/host/linux64/lib:/glob/development-tools/versions/oneapi/2022.3/oneapi/compiler/2022.2.0/linux/compiler/lib/intel64_lin:/glob/development-tools/versions/oneapi/2022.3/oneapi/ccl/2021.7.0/lib/cpu_gpu_dpcpp
355 [139662876100352] INFO perfrun.mrte <> - Data directory: /home/u175844/advi_results/e000/hs000/data.0
355 [139662876100352] INFO perfrun.mrte <> - Mrte plugin is initialized
355 [139662876100352] INFO perfrun.launcher <> - plugin [] was disabled because it doesn't support the given collection type.
355 [139662876100352] INFO perfrun.launcher <> - plugin [] was disabled because it doesn't support the given collection type.
355 [139662876100352] INFO perfrun.launcher <> - plugin [] was disabled because it doesn't support the given collection type.
355 [139662876100352] INFO perfrun.launcher <> - plugin [] was disabled because it doesn't support the given collection type.
355 [139662876100352] INFO perfrun.launcher <> - plugin [] was disabled because it doesn't support the given collection type.
355 [139662876100352] INFO perfrun.launcher <> - plugin [] was disabled because it doesn't support the given collection type.
355 [139662876100352] INFO perfrun.launcher <> - plugin [] was disabled because it doesn't support the given collection type.
355 [139662876100352] INFO perfrun.tpss <> - initialize tpss controller
355 [139662876100352] INFO perfrun.tpss <> - configure collection mode: value = cpu:stack
355 [139662876100352] INFO perfrun.tpss <> - default obj-size-min=1024
355 [139662876100352] INFO perfrun.tpss <> - default hash-table-size=0
355 [139662876100352] INFO perfrun.launcher <> - plugin [] was disabled because it doesn't support the given collection type.
355 [139662876100352] INFO perfrun.launcher <> - plugin [] was disabled because it doesn't support the given collection type.
355 [139662876100352] INFO perfrun.launcher <> - plugin [] was disabled because it doesn't support the given collection type.
355 [139662876100352] INFO perfrun.launcher <> - plugin [] was disabled because it doesn't support the given collection type.
355 [139662876100352] INFO perfrun.launcher <> - plugin [] was disabled because it doesn't support the given collection type.
355 [139662876100352] INFO perfrun.launcher <> - plugin [] was disabled because it doesn't support the given collection type.
355 [139662876100352] INFO perfrun.launcher <> - plugin [] was disabled because it doesn't support the given collection type.
355 [139662876100352] INFO perfrun.launcher <> - plugin [] was disabled because it doesn't support the given collection type.
355 [139662876100352] INFO perfrun.launcher <> - plugin [] was disabled because it doesn't support the given collection type.
355 [139662886810560] INFO perfrun.launcher <> - set environment variable: LD_LIBRARY_PATH = /glob/development-tools/versions/oneapi/2022.3/oneapi/advisor/2022.3.0/lib32/runtime:/glob/development-tools/versions/oneapi/2022.3/oneapi/advisor/2022.3.0/lib64/runtime:/glob/development-tools/versions/oneapi/2022.3/oneapi/vpl/2022.2.0/lib:/glob/development-tools/versions/oneapi/2022.3/oneapi/tbb/2021.7.0/env/../lib/intel64/gcc4.8:/glob/development-tools/versions/oneapi/2022.3/oneapi/rkcommon/1.10.0/lib:/glob/development-tools/versions/oneapi/2022.3/oneapi/ospray_studio/0.11.1/lib:/glob/development-tools/versions/oneapi/2022.3/oneapi/ospray/2.10.0/lib:/glob/development-tools/versions/oneapi/2022.3/oneapi/openvkl/1.3.0/lib:/glob/development-tools/versions/oneapi/2022.3/oneapi/oidn/1.4.3/lib:/glob/development-tools/versions/oneapi/2022.3/oneapi/mpi/2021.7.0//libfabric/lib:/glob/development-tools/versions/oneapi/2022.3/oneapi/mpi/2021.7.0//lib/release:/glob/development-tools/versions/oneapi/2022.3/oneapi/mpi/2021.7.0//lib:/glob/development-tools/versions/oneapi/2022.3/oneapi/mkl/2022.2.0/lib/intel64:/glob/development-tools/versions/oneapi/2022.3/oneapi/itac/2021.7.0/slib:/glob/development-tools/versions/oneapi/2022.3/oneapi/ispc/1.18.0/lib/lib64:/glob/development-tools/versions/oneapi/2022.3/oneapi/ipp/2021.6.1/lib/intel64:/glob/development-tools/versions/oneapi/2022.3/oneapi/ippcp/2021.6.1/lib/intel64:/glob/development-tools/versions/oneapi/2022.3/oneapi/ipp/2021.6.1/lib/intel64:/glob/development-tools/versions/oneapi/2022.3/oneapi/embree/3.13.4/lib:/glob/development-tools/versions/oneapi/2022.3/oneapi/dnnl/2022.2.0/cpu_dpcpp_gpu_dpcpp/lib:/glob/development-tools/versions/oneapi/2022.3/oneapi/debugger/2021.7.0/gdb/intel64/lib:/glob/development-tools/versions/oneapi/2022.3/oneapi/debugger/2021.7.0/libipt/intel64/lib:/glob/development-tools/versions/oneapi/2022.3/oneapi/debugger/2021.7.0/dep/lib:/glob/development-tools/versions/oneapi/2022.3/oneapi/dal/2021.7.0/lib/intel64:/glob/development-tools/versions/oneapi/2022.3/oneapi/compiler/2022.2.0/linux/lib:/glob/development-tools/versions/oneapi/2022.3/oneapi/compiler/2022.2.0/linux/lib/x64:/glob/development-tools/versions/oneapi/2022.3/oneapi/compiler/2022.2.0/linux/lib/oclfpga/host/linux64/lib:/glob/development-tools/versions/oneapi/2022.3/oneapi/compiler/2022.2.0/linux/compiler/lib/intel64_lin:/glob/development-tools/versions/oneapi/2022.3/oneapi/ccl/2021.7.0/lib/cpu_gpu_dpcpp
356 [139662886810560] INFO perfrun.launcher <> - set environment variable: INTEL_LIBITTNOTIFY32 = /glob/development-tools/versions/oneapi/2022.3/oneapi/advisor/2022.3.0/lib32/runtime/libittnotify_collector.so
356 [139662886810560] INFO perfrun.launcher <> - set environment variable: INTEL_LIBITTNOTIFY64 = /glob/development-tools/versions/oneapi/2022.3/oneapi/advisor/2022.3.0/lib64/runtime/libittnotify_collector.so
356 [139662886810560] INFO perfrun.launcher <> - set environment variable: INTEL_ITTNOTIFY_GROUPS = 
356 [139662886810560] INFO perfrun.launcher <> - set environment variable: INTEL_JIT_PROFILER32 = /glob/development-tools/versions/oneapi/2022.3/oneapi/advisor/2022.3.0/lib32/runtime/libittnotify_collector.so
356 [139662886810560] INFO perfrun.launcher <> - set environment variable: INTEL_JIT_PROFILER64 = /glob/development-tools/versions/oneapi/2022.3/oneapi/advisor/2022.3.0/lib64/runtime/libittnotify_collector.so
356 [139662886810560] INFO perfrun.launcher <> - set environment variable: OMP_TOOL_LIBRARIES = /glob/development-tools/versions/oneapi/2022.3/oneapi/advisor/2022.3.0/lib32/runtime/libittnotify_collector.so:/glob/development-tools/versions/oneapi/2022.3/oneapi/advisor/2022.3.0/lib64/runtime/libittnotify_collector.so
356 [139662886810560] INFO perfrun.launcher <> - set environment variable: ENABLE_JITPROFILING = 1
356 [139662886810560] INFO perfrun.launcher <> - set environment variable: CL_CONFIG_USE_VTUNE = True
356 [139662886810560] INFO perfrun.launcher <> - set environment variable: KMP_FORKJOIN_FRAMES = 0
356 [139662886810560] INFO perfrun.launcher <> - set environment variable: KMP_FORKJOIN_FRAMES_MODE = 0
356 [139662886810560] INFO perfrun.launcher <> - set environment variable: OMP_TOOL = disabled
356 [139662886810560] INFO perfrun.launcher <> - set environment variable: INTEL_MRTE_DATA_DIR = /home/u175844/advi_results/e000/hs000/data.0
356 [139662886810560] INFO perfrun.launcher <> - set environment variable: INTEL_MRTE_HOST_NAME = s001-n059
356 [139662886810560] INFO perfrun.launcher <> - set environment variable: JAVA_TOOL_OPTIONS = -agentlib:advixe_tpssmrte_javaprof_1.0 -Dsun.boot.library.path=/glob/development-tools/versions/oneapi/2022.3/oneapi/advisor/2022.3.0/lib32/runtime:/glob/development-tools/versions/oneapi/2022.3/oneapi/advisor/2022.3.0/lib64/runtime
357 [139662886810560] INFO perfrun.launcher <> - set environment variable: LD_LIBRARY_PATH = /glob/development-tools/versions/oneapi/2022.3/oneapi/advisor/2022.3.0/lib32/runtime:/glob/development-tools/versions/oneapi/2022.3/oneapi/advisor/2022.3.0/lib64/runtime:/glob/development-tools/versions/oneapi/2022.3/oneapi/vpl/2022.2.0/lib:/glob/development-tools/versions/oneapi/2022.3/oneapi/tbb/2021.7.0/env/../lib/intel64/gcc4.8:/glob/development-tools/versions/oneapi/2022.3/oneapi/rkcommon/1.10.0/lib:/glob/development-tools/versions/oneapi/2022.3/oneapi/ospray_studio/0.11.1/lib:/glob/development-tools/versions/oneapi/2022.3/oneapi/ospray/2.10.0/lib:/glob/development-tools/versions/oneapi/2022.3/oneapi/openvkl/1.3.0/lib:/glob/development-tools/versions/oneapi/2022.3/oneapi/oidn/1.4.3/lib:/glob/development-tools/versions/oneapi/2022.3/oneapi/mpi/2021.7.0//libfabric/lib:/glob/development-tools/versions/oneapi/2022.3/oneapi/mpi/2021.7.0//lib/release:/glob/development-tools/versions/oneapi/2022.3/oneapi/mpi/2021.7.0//lib:/glob/development-tools/versions/oneapi/2022.3/oneapi/mkl/2022.2.0/lib/intel64:/glob/development-tools/versions/oneapi/2022.3/oneapi/itac/2021.7.0/slib:/glob/development-tools/versions/oneapi/2022.3/oneapi/ispc/1.18.0/lib/lib64:/glob/development-tools/versions/oneapi/2022.3/oneapi/ipp/2021.6.1/lib/intel64:/glob/development-tools/versions/oneapi/2022.3/oneapi/ippcp/2021.6.1/lib/intel64:/glob/development-tools/versions/oneapi/2022.3/oneapi/ipp/2021.6.1/lib/intel64:/glob/development-tools/versions/oneapi/2022.3/oneapi/embree/3.13.4/lib:/glob/development-tools/versions/oneapi/2022.3/oneapi/dnnl/2022.2.0/cpu_dpcpp_gpu_dpcpp/lib:/glob/development-tools/versions/oneapi/2022.3/oneapi/debugger/2021.7.0/gdb/intel64/lib:/glob/development-tools/versions/oneapi/2022.3/oneapi/debugger/2021.7.0/libipt/intel64/lib:/glob/development-tools/versions/oneapi/2022.3/oneapi/debugger/2021.7.0/dep/lib:/glob/development-tools/versions/oneapi/2022.3/oneapi/dal/2021.7.0/lib/intel64:/glob/development-tools/versions/oneapi/2022.3/oneapi/compiler/2022.2.0/linux/lib:/glob/development-tools/versions/oneapi/2022.3/oneapi/compiler/2022.2.0/linux/lib/x64:/glob/development-tools/versions/oneapi/2022.3/oneapi/compiler/2022.2.0/linux/lib/oclfpga/host/linux64/lib:/glob/development-tools/versions/oneapi/2022.3/oneapi/compiler/2022.2.0/linux/compiler/lib/intel64_lin:/glob/development-tools/versions/oneapi/2022.3/oneapi/ccl/2021.7.0/lib/cpu_gpu_dpcpp
357 [139662886810560] INFO perfrun.launcher <> - RpcServer: run RPC server to handle requests
359 [139662886810560] INFO perfrun.launcher <> - Launcher: command line to start before modification = ./tarea
370 [139662886810560] INFO perfrun.launcher <> - Launcher: command line to start after modification = /glob/development-tools/versions/oneapi/2022.3/oneapi/advisor/2022.3.0/bin64/pin -error_file /home/u175844/advi_results/e000/hs000/data.0/pinerr.tpsslog -detach_reattach -follow_execv -tool_load_option deepbind -t64 /glob/development-tools/versions/oneapi/2022.3/oneapi/advisor/2022.3.0/lib64/libtpsstool.so -t /glob/development-tools/versions/oneapi/2022.3/oneapi/advisor/2022.3.0/lib32/libtpsstool.so -server_name tpss_ipc.163731 -prd_dir /glob/development-tools/versions/oneapi/2022.3/oneapi/advisor/2022.3.0 -- ./tarea
370 [139662886810560] INFO perfrun.launcher <> - ProcessCreator object was created
372 [139662886810560] INFO perfrun.launcher <> - Launcher: the process was started in suspend mode
379 [139662876100352] WARN perfrun.system <> - Could not do anything with /sys/kernel/debug/kvm: boost::filesystem::status: Permission denied: "/sys/kernel/debug/kvm", at file: vcs/perfrun1/plugins/system/src/trace_writer.cpp:787
379 [139662876100352] WARN perfrun.system <> - Folder "/var/run/libvirt/qemu/"doesn't exist, at file: vcs/perfrun1/plugins/system/src/trace_writer.cpp:800
386 [139662876100352] WARN perfrun.sdk <> - SEP tool is not available, at file: vcs/perfrun1/plugins/pluginsdk/src/device_mapper.cpp:590
386 [139662876100352] WARN perfrun.sdk <> - SEP driver is not available, at file: vcs/perfrun1/plugins/pluginsdk/src/device_mapper.cpp:745
386 [139662876100352] WARN perfrun.sdk <> - amplxe-perf tool is not available, at file: vcs/perfrun1/plugins/pluginsdk/src/device_mapper.cpp:606
386 [139662876100352] WARN perfrun.sdk <> - Device mapping through perf is not available on current kernel, at file: vcs/perfrun1/plugins/pluginsdk/src/device_mapper.cpp:943
392 [139662876100352] WARN perfrun.sdk <> - SEP tool is not available, at file: vcs/perfrun1/plugins/pluginsdk/src/device_mapper.cpp:590
393 [139662876100352] WARN perfrun.sdk <> - SEP driver is not available, at file: vcs/perfrun1/plugins/pluginsdk/src/device_mapper.cpp:745
393 [139662876100352] WARN perfrun.sdk <> - Failed to find xl binary on any of the system paths: /bin, /sbin, /usr/bin, /usr/sbin., at file: vcs/perfrun1/sdk/src/utils.cpp:204
419 [139662876100352] INFO perfrun.vdso <> - Helper runtool '/glob/development-tools/versions/oneapi/2022.3/oneapi/advisor/2022.3.0/bin32/advixe-runss -dump-vdso -r /home/u175844/advi_results/e000/hs000 --tmp-dir /home/u175844/tmp/advixe-tmp-u175844' returned 1
630 [139662876100352] INFO perfrun.vdso <> - Helper runtool '/glob/development-tools/versions/oneapi/2022.3/oneapi/advisor/2022.3.0/bin64/advixe-runss -dump-vdso -r /home/u175844/advi_results/e000/hs000 --tmp-dir /home/u175844/tmp/advixe-tmp-u175844' returned 0
630 [139662876100352] INFO perfrun.itt <> - start itt controller for pid #163736
630 [139662876100352] INFO perfrun.tpss <> - start tpss controller for pid #163736
682 [139662886810560] INFO perfrun.launcher <> - Launcher: all plugins were started
682 [139662886810560] INFO perfrun.launcher <> - DirectoryMonitor object was created
682 [139662886810560] INFO perfrun.launcher <> - DirectoryMonitor: a callback was added
682 [139662886810560] INFO perfrun.launcher <> - DirectoryMonitor was started with pingTime = 1000
682 [139662886810560] INFO perfrun.launcher <> - DeadlineTimer is going to be constructed
682 [139662886810560] INFO perfrun.launcher <> - DeadlineTimer: a callback was added
708 [139662886810560] INFO perfrun.launcher <> - Launcher: resume the profiled application and  wait its termination or stop command
1933 [139662886810560] INFO perfrun.launcher <> - Launcher: the profiled application was terminated  with exit code = 0
1960 [139662876100352] INFO perfrun.itt <> - detach itt controller
1960 [139662876100352] INFO perfrun.itt <> - detach itt controller done
1960 [139662876100352] INFO perfrun.tpss <> - stop tpss controller
1966 [139662876100352] INFO perfrun.sdk <> - De-allocating TMU: /home/u175844/advi_results/e000/hs000/data.0/systemcollector-163731-s001-n059.sc
1966 [139662876100352] INFO perfrun.system <> - closed the system trace file: /home/u175844/advi_results/e000/hs000/data.0/systemcollector-163731-s001-n059.sc
1966 [139662886810560] INFO perfrun.launcher <> - Launcher: all plugins were stopped.
1966 [139662886810560] INFO perfrun.launcher <> - DeadlineTimer is going to be destroyed
1966 [139662886810560] INFO perfrun.launcher <> - DeadlineTimer was destroyed
1967 [139662886810560] INFO perfrun.launcher <> - DirectoryMonitor object was destroyed
1967 [139662886810560] WARN perfrun.launcher <> - Stop command is ignored because it is received when collection is already stopped, at file: vcs/perfrun1/launcher/src/command_handler.cpp:226
1975 [139662886810560] INFO perfrun.launcher <> - Application exit code: 0
1975 [139662886810560] INFO perfrun.launcher <> - Exit code: 0
