12 [140449879618496] INFO perfrun.launcher <> - Launcher main begin
39 [140449879618496] INFO perfrun.launcher <> - MessageCatalogInit finished
39 [140449879618496] INFO perfrun.launcher <> - Launcher instance created
39 [140449879618496] INFO perfrun.launcher <> - argc = 6; cmdline = /glob/development-tools/versions/oneapi/2022.3/oneapi/advisor/2022.3.0/bin64/advixe-runss -dump-vdso -r /home/u175844/advi_results/e000/hs000 --tmp-dir /home/u175844/tmp/advixe-tmp-u175844 
141 [140449879618496] INFO perfrun.launcher <> - create msngr2::ICliToolContext
142 [140449879618496] INFO perfrun.launcher <> - create file finder object
148 [140449868908288] INFO perfrun.launcher <> - plugin [remoteplug] was disabled because it doesn't support the given collection type.
148 [140449868908288] INFO perfrun.launcher <> - plugin [system] was disabled because it doesn't support the given collection type.
148 [140449868908288] INFO perfrun.vdso <> - dumping [vdso] pseudomodule
158 [140449868908288] INFO perfrun.launcher <> - plugin [itt] was disabled because it doesn't support the given collection type.
158 [140449868908288] INFO perfrun.launcher <> - plugin [] was disabled because it doesn't support the given collection type.
158 [140449868908288] INFO perfrun.launcher <> - plugin [gpu] was disabled because it doesn't support the given collection type.
158 [140449868908288] INFO perfrun.launcher <> - plugin [] was disabled because it doesn't support the given collection type.
158 [140449868908288] INFO perfrun.launcher <> - plugin [] was disabled because it doesn't support the given collection type.
158 [140449868908288] INFO perfrun.launcher <> - plugin [] was disabled because it doesn't support the given collection type.
158 [140449868908288] INFO perfrun.launcher <> - plugin [mrte] was disabled because it doesn't support the given collection type.
158 [140449868908288] INFO perfrun.launcher <> - plugin [] was disabled because it doesn't support the given collection type.
158 [140449868908288] INFO perfrun.launcher <> - plugin [] was disabled because it doesn't support the given collection type.
158 [140449868908288] INFO perfrun.launcher <> - plugin [] was disabled because it doesn't support the given collection type.
158 [140449868908288] INFO perfrun.launcher <> - plugin [] was disabled because it doesn't support the given collection type.
158 [140449868908288] INFO perfrun.launcher <> - plugin [] was disabled because it doesn't support the given collection type.
158 [140449868908288] INFO perfrun.launcher <> - plugin [] was disabled because it doesn't support the given collection type.
158 [140449868908288] INFO perfrun.launcher <> - plugin [] was disabled because it doesn't support the given collection type.
158 [140449868908288] INFO perfrun.launcher <> - plugin [tpss] was disabled because it doesn't support the given collection type.
158 [140449868908288] INFO perfrun.launcher <> - plugin [] was disabled because it doesn't support the given collection type.
158 [140449868908288] INFO perfrun.launcher <> - plugin [] was disabled because it doesn't support the given collection type.
158 [140449868908288] INFO perfrun.launcher <> - plugin [] was disabled because it doesn't support the given collection type.
158 [140449868908288] INFO perfrun.launcher <> - plugin [] was disabled because it doesn't support the given collection type.
158 [140449868908288] INFO perfrun.launcher <> - plugin [] was disabled because it doesn't support the given collection type.
158 [140449868908288] INFO perfrun.launcher <> - plugin [] was disabled because it doesn't support the given collection type.
158 [140449868908288] INFO perfrun.launcher <> - plugin [] was disabled because it doesn't support the given collection type.
158 [140449868908288] INFO perfrun.launcher <> - plugin [] was disabled because it doesn't support the given collection type.
158 [140449868908288] INFO perfrun.launcher <> - plugin [] was disabled because it doesn't support the given collection type.
158 [140449879618496] INFO perfrun.launcher <> - Application exit code: 0
158 [140449879618496] INFO perfrun.launcher <> - Exit code: 0
