9 [139725487495104] INFO perfrun.launcher <> - Launcher main begin
9 [139725487495104] INFO perfrun.launcher <> - MessageCatalogInit finished
9 [139725487495104] INFO perfrun.launcher <> - Launcher instance created
9 [139725487495104] INFO perfrun.launcher <> - argc = 7; cmdline = /home/rosam/intel/oneapi/advisor/2022.3.0/bin64/advixe-runss --ui-output-format xml --ui-output-fd 89 --option-file /home/rosam/intel/advixe/projects/tarea1/e000/hs001/config/runss.options 
57 [139725487495104] INFO perfrun.launcher <> - create msngr2::ICliToolContext
57 [139725487495104] INFO perfrun.launcher <> - create file finder object
57 [139725487495104] INFO perfrun.launcher <> - create a result directory: pattern = /home/rosam/intel/advixe/projects/tarea1/e000/hs001 pid = 4294967295
60 [139725487495104] INFO perfrun.sdk <> - checked that the directory /home/rosam/intel/advixe/projects/tarea1/e000/hs001 is a local directory
60 [139725487495104] INFO perfrun.sdk <> - the directory /home/rosam/intel/advixe/projects/tarea1/e000/hs001 is a local directory with FS type ID 61267
61 [139725487495104] INFO perfrun.launcher <> - create data directory = /home/rosam/intel/advixe/projects/tarea1/e000/hs001/data.0
61 [139725487495104] INFO perfrun.launcher <> - Creating the master collection flag
198 [139725487495104] INFO perfrun.launcher <> - Done creating the master collection flag
199 [139725335684672] INFO perfrun.launcher <> - plugin [remoteplug] was disabled because it doesn't support the given collection type.
199 [139725335684672] INFO perfrun.sdk <> - Allocating TMU :/home/rosam/intel/advixe/projects/tarea1/e000/hs001/data.0/systemcollector-13575-rosam-Lenovo-Legion-Y530-15ICH.sc
199 [139725335684672] INFO perfrun.launcher <> - plugin [] was disabled because it doesn't support the given collection type.
199 [139725335684672] INFO perfrun.launcher <> - plugin [gpu] was disabled because it doesn't support the given collection type.
199 [139725335684672] INFO perfrun.launcher <> - plugin [] was disabled because it doesn't support the given collection type.
199 [139725335684672] INFO perfrun.launcher <> - plugin [] was disabled because it doesn't support the given collection type.
199 [139725335684672] INFO perfrun.launcher <> - plugin [] was disabled because it doesn't support the given collection type.
199 [139725335684672] INFO perfrun.mrte <> - system-wide mode is 0
199 [139725335684672] INFO perfrun.mrte <> - Getting  mrte profiling environment ...
204 [139725335684672] INFO perfrun.mrte <> - INTEL_MRTE_DATA_DIR=/home/rosam/intel/advixe/projects/tarea1/e000/hs001/data.0
204 [139725335684672] INFO perfrun.mrte <> - INTEL_MRTE_HOST_NAME=rosam-Lenovo-Legion-Y530-15ICH
204 [139725335684672] INFO perfrun.mrte <> - JAVA_TOOL_OPTIONS=-agentlib:advixe_tpssmrte_javaprof_1.0 -Dsun.boot.library.path=/home/rosam/intel/oneapi/advisor/2022.3.0/lib32/runtime:/home/rosam/intel/oneapi/advisor/2022.3.0/lib64/runtime
204 [139725335684672] INFO perfrun.mrte <> - LD_LIBRARY_PATH=/home/rosam/intel/oneapi/advisor/2022.3.0/lib32/runtime:/home/rosam/intel/oneapi/advisor/2022.3.0/lib64/runtime:/home/rosam/intel/oneapi/vpl/2022.2.0/lib:/home/rosam/intel/oneapi/tbb/2021.7.0/env/../lib/intel64/gcc4.8:/home/rosam/intel/oneapi/mpi/2021.7.0//libfabric/lib:/home/rosam/intel/oneapi/mpi/2021.7.0//lib/release:/home/rosam/intel/oneapi/mpi/2021.7.0//lib:/home/rosam/intel/oneapi/mkl/2022.2.0/lib/intel64:/home/rosam/intel/oneapi/itac/2021.7.0/slib:/home/rosam/intel/oneapi/ipp/2021.6.1/lib/intel64:/home/rosam/intel/oneapi/ippcp/2021.6.1/lib/intel64:/home/rosam/intel/oneapi/ipp/2021.6.1/lib/intel64:/home/rosam/intel/oneapi/dnnl/2022.2.0/cpu_dpcpp_gpu_dpcpp/lib:/home/rosam/intel/oneapi/debugger/2021.7.0/gdb/intel64/lib:/home/rosam/intel/oneapi/debugger/2021.7.0/libipt/intel64/lib:/home/rosam/intel/oneapi/debugger/2021.7.0/dep/lib:/home/rosam/intel/oneapi/dal/2021.7.0/lib/intel64:/home/rosam/intel/oneapi/compiler/2022.2.0/linux/lib:/home/rosam/intel/oneapi/compiler/2022.2.0/linux/lib/x64:/home/rosam/intel/oneapi/compiler/2022.2.0/linux/lib/oclfpga/host/linux64/lib:/home/rosam/intel/oneapi/compiler/2022.2.0/linux/compiler/lib/intel64_lin:/home/rosam/intel/oneapi/ccl/2021.7.0/lib/cpu_gpu_dpcpp
204 [139725335684672] INFO perfrun.mrte <> - Data directory: /home/rosam/intel/advixe/projects/tarea1/e000/hs001/data.0
204 [139725335684672] INFO perfrun.mrte <> - Mrte plugin is initialized
204 [139725335684672] INFO perfrun.launcher <> - plugin [] was disabled because it doesn't support the given collection type.
204 [139725335684672] INFO perfrun.launcher <> - plugin [] was disabled because it doesn't support the given collection type.
204 [139725335684672] INFO perfrun.launcher <> - plugin [] was disabled because it doesn't support the given collection type.
204 [139725335684672] INFO perfrun.launcher <> - plugin [] was disabled because it doesn't support the given collection type.
204 [139725335684672] INFO perfrun.launcher <> - plugin [] was disabled because it doesn't support the given collection type.
204 [139725335684672] INFO perfrun.launcher <> - plugin [] was disabled because it doesn't support the given collection type.
204 [139725335684672] INFO perfrun.launcher <> - plugin [] was disabled because it doesn't support the given collection type.
204 [139725335684672] INFO perfrun.tpss <> - initialize tpss controller
204 [139725335684672] INFO perfrun.tpss <> - configure collection mode: value = cpu:stack
204 [139725335684672] INFO perfrun.tpss <> - default obj-size-min=1024
204 [139725335684672] INFO perfrun.tpss <> - default hash-table-size=0
204 [139725335684672] INFO perfrun.launcher <> - plugin [] was disabled because it doesn't support the given collection type.
204 [139725335684672] INFO perfrun.launcher <> - plugin [] was disabled because it doesn't support the given collection type.
204 [139725335684672] INFO perfrun.launcher <> - plugin [] was disabled because it doesn't support the given collection type.
204 [139725335684672] INFO perfrun.launcher <> - plugin [] was disabled because it doesn't support the given collection type.
204 [139725335684672] INFO perfrun.launcher <> - plugin [] was disabled because it doesn't support the given collection type.
204 [139725335684672] INFO perfrun.launcher <> - plugin [] was disabled because it doesn't support the given collection type.
204 [139725335684672] INFO perfrun.launcher <> - plugin [] was disabled because it doesn't support the given collection type.
204 [139725335684672] INFO perfrun.launcher <> - plugin [] was disabled because it doesn't support the given collection type.
204 [139725335684672] INFO perfrun.launcher <> - plugin [] was disabled because it doesn't support the given collection type.
204 [139725487495104] INFO perfrun.launcher <> - set environment variable: LD_LIBRARY_PATH = /home/rosam/intel/oneapi/advisor/2022.3.0/lib32/runtime:/home/rosam/intel/oneapi/advisor/2022.3.0/lib64/runtime:/home/rosam/intel/oneapi/vpl/2022.2.0/lib:/home/rosam/intel/oneapi/tbb/2021.7.0/env/../lib/intel64/gcc4.8:/home/rosam/intel/oneapi/mpi/2021.7.0//libfabric/lib:/home/rosam/intel/oneapi/mpi/2021.7.0//lib/release:/home/rosam/intel/oneapi/mpi/2021.7.0//lib:/home/rosam/intel/oneapi/mkl/2022.2.0/lib/intel64:/home/rosam/intel/oneapi/itac/2021.7.0/slib:/home/rosam/intel/oneapi/ipp/2021.6.1/lib/intel64:/home/rosam/intel/oneapi/ippcp/2021.6.1/lib/intel64:/home/rosam/intel/oneapi/ipp/2021.6.1/lib/intel64:/home/rosam/intel/oneapi/dnnl/2022.2.0/cpu_dpcpp_gpu_dpcpp/lib:/home/rosam/intel/oneapi/debugger/2021.7.0/gdb/intel64/lib:/home/rosam/intel/oneapi/debugger/2021.7.0/libipt/intel64/lib:/home/rosam/intel/oneapi/debugger/2021.7.0/dep/lib:/home/rosam/intel/oneapi/dal/2021.7.0/lib/intel64:/home/rosam/intel/oneapi/compiler/2022.2.0/linux/lib:/home/rosam/intel/oneapi/compiler/2022.2.0/linux/lib/x64:/home/rosam/intel/oneapi/compiler/2022.2.0/linux/lib/oclfpga/host/linux64/lib:/home/rosam/intel/oneapi/compiler/2022.2.0/linux/compiler/lib/intel64_lin:/home/rosam/intel/oneapi/ccl/2021.7.0/lib/cpu_gpu_dpcpp
204 [139725487495104] INFO perfrun.launcher <> - set environment variable: INTEL_LIBITTNOTIFY32 = /home/rosam/intel/oneapi/advisor/2022.3.0/lib32/runtime/libittnotify_collector.so
204 [139725487495104] INFO perfrun.launcher <> - set environment variable: INTEL_LIBITTNOTIFY64 = /home/rosam/intel/oneapi/advisor/2022.3.0/lib64/runtime/libittnotify_collector.so
204 [139725487495104] INFO perfrun.launcher <> - set environment variable: INTEL_ITTNOTIFY_GROUPS = 
204 [139725487495104] INFO perfrun.launcher <> - set environment variable: INTEL_JIT_PROFILER32 = /home/rosam/intel/oneapi/advisor/2022.3.0/lib32/runtime/libittnotify_collector.so
204 [139725487495104] INFO perfrun.launcher <> - set environment variable: INTEL_JIT_PROFILER64 = /home/rosam/intel/oneapi/advisor/2022.3.0/lib64/runtime/libittnotify_collector.so
204 [139725487495104] INFO perfrun.launcher <> - set environment variable: OMP_TOOL_LIBRARIES = /home/rosam/intel/oneapi/advisor/2022.3.0/lib32/runtime/libittnotify_collector.so:/home/rosam/intel/oneapi/advisor/2022.3.0/lib64/runtime/libittnotify_collector.so
204 [139725487495104] INFO perfrun.launcher <> - set environment variable: ENABLE_JITPROFILING = 1
204 [139725487495104] INFO perfrun.launcher <> - set environment variable: CL_CONFIG_USE_VTUNE = True
204 [139725487495104] INFO perfrun.launcher <> - set environment variable: KMP_FORKJOIN_FRAMES = 0
205 [139725487495104] INFO perfrun.launcher <> - set environment variable: KMP_FORKJOIN_FRAMES_MODE = 0
205 [139725487495104] INFO perfrun.launcher <> - set environment variable: OMP_TOOL = disabled
205 [139725487495104] INFO perfrun.launcher <> - set environment variable: INTEL_MRTE_DATA_DIR = /home/rosam/intel/advixe/projects/tarea1/e000/hs001/data.0
205 [139725487495104] INFO perfrun.launcher <> - set environment variable: INTEL_MRTE_HOST_NAME = rosam-Lenovo-Legion-Y530-15ICH
205 [139725487495104] INFO perfrun.launcher <> - set environment variable: JAVA_TOOL_OPTIONS = -agentlib:advixe_tpssmrte_javaprof_1.0 -Dsun.boot.library.path=/home/rosam/intel/oneapi/advisor/2022.3.0/lib32/runtime:/home/rosam/intel/oneapi/advisor/2022.3.0/lib64/runtime
205 [139725487495104] INFO perfrun.launcher <> - set environment variable: LD_LIBRARY_PATH = /home/rosam/intel/oneapi/advisor/2022.3.0/lib32/runtime:/home/rosam/intel/oneapi/advisor/2022.3.0/lib64/runtime:/home/rosam/intel/oneapi/vpl/2022.2.0/lib:/home/rosam/intel/oneapi/tbb/2021.7.0/env/../lib/intel64/gcc4.8:/home/rosam/intel/oneapi/mpi/2021.7.0//libfabric/lib:/home/rosam/intel/oneapi/mpi/2021.7.0//lib/release:/home/rosam/intel/oneapi/mpi/2021.7.0//lib:/home/rosam/intel/oneapi/mkl/2022.2.0/lib/intel64:/home/rosam/intel/oneapi/itac/2021.7.0/slib:/home/rosam/intel/oneapi/ipp/2021.6.1/lib/intel64:/home/rosam/intel/oneapi/ippcp/2021.6.1/lib/intel64:/home/rosam/intel/oneapi/ipp/2021.6.1/lib/intel64:/home/rosam/intel/oneapi/dnnl/2022.2.0/cpu_dpcpp_gpu_dpcpp/lib:/home/rosam/intel/oneapi/debugger/2021.7.0/gdb/intel64/lib:/home/rosam/intel/oneapi/debugger/2021.7.0/libipt/intel64/lib:/home/rosam/intel/oneapi/debugger/2021.7.0/dep/lib:/home/rosam/intel/oneapi/dal/2021.7.0/lib/intel64:/home/rosam/intel/oneapi/compiler/2022.2.0/linux/lib:/home/rosam/intel/oneapi/compiler/2022.2.0/linux/lib/x64:/home/rosam/intel/oneapi/compiler/2022.2.0/linux/lib/oclfpga/host/linux64/lib:/home/rosam/intel/oneapi/compiler/2022.2.0/linux/compiler/lib/intel64_lin:/home/rosam/intel/oneapi/ccl/2021.7.0/lib/cpu_gpu_dpcpp
205 [139725487495104] INFO perfrun.launcher <> - RpcServer: run RPC server to handle requests
205 [139725487495104] INFO perfrun.launcher <> - Launcher: command line to start before modification = /home/rosam/Arco/tarea1
205 [139725487495104] INFO perfrun.launcher <> - Launcher: command line to start after modification = /home/rosam/intel/oneapi/advisor/2022.3.0/bin64/pin -error_file /home/rosam/intel/advixe/projects/tarea1/e000/hs001/data.0/pinerr.tpsslog -detach_reattach -follow_execv -tool_load_option deepbind -t64 /home/rosam/intel/oneapi/advisor/2022.3.0/lib64/libtpsstool.so -t /home/rosam/intel/oneapi/advisor/2022.3.0/lib32/libtpsstool.so -server_name tpss_ipc.13575 -prd_dir /home/rosam/intel/oneapi/advisor/2022.3.0 -- /home/rosam/Arco/tarea1
205 [139725487495104] INFO perfrun.launcher <> - ProcessCreator object was created
206 [139725487495104] INFO perfrun.launcher <> - Launcher: the process was started in suspend mode
207 [139725335684672] WARN perfrun.system <> - Could not do anything with /sys/kernel/debug/kvm: boost::filesystem::status: Permission denied: "/sys/kernel/debug/kvm", at file: vcs/perfrun1/plugins/system/src/trace_writer.cpp:787
207 [139725335684672] WARN perfrun.system <> - Folder "/var/run/libvirt/qemu/"doesn't exist, at file: vcs/perfrun1/plugins/system/src/trace_writer.cpp:800
207 [139725335684672] WARN perfrun.sdk <> - Failed to find xl binary on any of the system paths: /bin, /sbin, /usr/bin, /usr/sbin., at file: vcs/perfrun1/sdk/src/utils.cpp:204
212 [139725335684672] INFO perfrun.vdso <> - Helper runtool '/home/rosam/intel/oneapi/advisor/2022.3.0/bin32/advixe-runss -dump-vdso -r /home/rosam/intel/advixe/projects/tarea1/e000/hs001 --tmp-dir /tmp/advixe-tmp-rosam' returned 1
311 [139725335684672] INFO perfrun.vdso <> - Helper runtool '/home/rosam/intel/oneapi/advisor/2022.3.0/bin64/advixe-runss -dump-vdso -r /home/rosam/intel/advixe/projects/tarea1/e000/hs001 --tmp-dir /tmp/advixe-tmp-rosam' returned 0
311 [139725335684672] INFO perfrun.itt <> - start itt controller for pid #13588
311 [139725335684672] INFO perfrun.tpss <> - start tpss controller for pid #13588
361 [139725487495104] INFO perfrun.launcher <> - Launcher: all plugins were started
361 [139725487495104] INFO perfrun.launcher <> - DirectoryMonitor object was created
361 [139725487495104] INFO perfrun.launcher <> - DirectoryMonitor: a callback was added
361 [139725487495104] INFO perfrun.launcher <> - DirectoryMonitor was started with pingTime = 1000
361 [139725487495104] INFO perfrun.launcher <> - DeadlineTimer is going to be constructed
362 [139725487495104] INFO perfrun.launcher <> - DeadlineTimer: a callback was added
396 [139725487495104] INFO perfrun.launcher <> - Launcher: resume the profiled application and  wait its termination or stop command
775 [139725487495104] INFO perfrun.launcher <> - Launcher: the profiled application was terminated  with exit code = 0
778 [139725335684672] INFO perfrun.itt <> - detach itt controller
778 [139725335684672] INFO perfrun.itt <> - detach itt controller done
778 [139725335684672] INFO perfrun.tpss <> - stop tpss controller
779 [139725335684672] INFO perfrun.sdk <> - De-allocating TMU: /home/rosam/intel/advixe/projects/tarea1/e000/hs001/data.0/systemcollector-13575-rosam-Lenovo-Legion-Y530-15ICH.sc
779 [139725335684672] INFO perfrun.system <> - closed the system trace file: /home/rosam/intel/advixe/projects/tarea1/e000/hs001/data.0/systemcollector-13575-rosam-Lenovo-Legion-Y530-15ICH.sc
779 [139725487495104] INFO perfrun.launcher <> - Launcher: all plugins were stopped.
779 [139725487495104] INFO perfrun.launcher <> - DeadlineTimer is going to be destroyed
779 [139725487495104] INFO perfrun.launcher <> - DeadlineTimer was destroyed
779 [139725487495104] INFO perfrun.launcher <> - DirectoryMonitor object was destroyed
779 [139725487495104] WARN perfrun.launcher <> - Stop command is ignored because it is received when collection is already stopped, at file: vcs/perfrun1/launcher/src/command_handler.cpp:226
779 [139725487495104] INFO perfrun.launcher <> - Application exit code: 0
779 [139725487495104] INFO perfrun.launcher <> - Exit code: 0
