8 [139718031783872] INFO perfrun.launcher <> - Launcher main begin
9 [139718031783872] INFO perfrun.launcher <> - MessageCatalogInit finished
9 [139718031783872] INFO perfrun.launcher <> - Launcher instance created
9 [139718031783872] INFO perfrun.launcher <> - argc = 6; cmdline = /home/rosam/intel/oneapi/advisor/2022.3.0/bin64/advixe-runss -dump-vdso -r /home/rosam/intel/advixe/projects/tarea1/e000/hs001 --tmp-dir /tmp/advixe-tmp-rosam 
37 [139718031783872] INFO perfrun.launcher <> - create msngr2::ICliToolContext
37 [139718031783872] INFO perfrun.launcher <> - create file finder object
38 [139717880309312] INFO perfrun.launcher <> - plugin [remoteplug] was disabled because it doesn't support the given collection type.
38 [139717880309312] INFO perfrun.launcher <> - plugin [system] was disabled because it doesn't support the given collection type.
38 [139717880309312] INFO perfrun.vdso <> - dumping [vdso] pseudomodule
81 [139717880309312] INFO perfrun.launcher <> - plugin [itt] was disabled because it doesn't support the given collection type.
81 [139717880309312] INFO perfrun.launcher <> - plugin [] was disabled because it doesn't support the given collection type.
81 [139717880309312] INFO perfrun.launcher <> - plugin [gpu] was disabled because it doesn't support the given collection type.
81 [139717880309312] INFO perfrun.launcher <> - plugin [] was disabled because it doesn't support the given collection type.
81 [139717880309312] INFO perfrun.launcher <> - plugin [] was disabled because it doesn't support the given collection type.
81 [139717880309312] INFO perfrun.launcher <> - plugin [] was disabled because it doesn't support the given collection type.
81 [139717880309312] INFO perfrun.launcher <> - plugin [mrte] was disabled because it doesn't support the given collection type.
81 [139717880309312] INFO perfrun.launcher <> - plugin [] was disabled because it doesn't support the given collection type.
81 [139717880309312] INFO perfrun.launcher <> - plugin [] was disabled because it doesn't support the given collection type.
81 [139717880309312] INFO perfrun.launcher <> - plugin [] was disabled because it doesn't support the given collection type.
81 [139717880309312] INFO perfrun.launcher <> - plugin [] was disabled because it doesn't support the given collection type.
81 [139717880309312] INFO perfrun.launcher <> - plugin [] was disabled because it doesn't support the given collection type.
81 [139717880309312] INFO perfrun.launcher <> - plugin [] was disabled because it doesn't support the given collection type.
81 [139717880309312] INFO perfrun.launcher <> - plugin [] was disabled because it doesn't support the given collection type.
81 [139717880309312] INFO perfrun.launcher <> - plugin [tpss] was disabled because it doesn't support the given collection type.
81 [139717880309312] INFO perfrun.launcher <> - plugin [] was disabled because it doesn't support the given collection type.
81 [139717880309312] INFO perfrun.launcher <> - plugin [] was disabled because it doesn't support the given collection type.
81 [139717880309312] INFO perfrun.launcher <> - plugin [] was disabled because it doesn't support the given collection type.
81 [139717880309312] INFO perfrun.launcher <> - plugin [] was disabled because it doesn't support the given collection type.
81 [139717880309312] INFO perfrun.launcher <> - plugin [] was disabled because it doesn't support the given collection type.
81 [139717880309312] INFO perfrun.launcher <> - plugin [] was disabled because it doesn't support the given collection type.
81 [139717880309312] INFO perfrun.launcher <> - plugin [] was disabled because it doesn't support the given collection type.
81 [139717880309312] INFO perfrun.launcher <> - plugin [] was disabled because it doesn't support the given collection type.
81 [139717880309312] INFO perfrun.launcher <> - plugin [] was disabled because it doesn't support the given collection type.
81 [139718031783872] INFO perfrun.launcher <> - Application exit code: 0
81 [139718031783872] INFO perfrun.launcher <> - Exit code: 0
